<?xml version="1.0" encoding="UTF-8"?>
<!-- Generated by org.testng.reporters.JUnitReportReporter -->
<testsuite hostname="DESKTOP-G551I5H" failures="0" tests="1" name="com.saucedemo.automation_test.tests.LoginTest" time="8.810" errors="0" timestamp="2025-10-28T04:14:51 IST" skipped="0">
  <testcase classname="com.saucedemo.automation_test.tests.LoginTest" name="verifyValidLogin" time="8.810"/>
</testsuite> <!-- com.saucedemo.automation_test.tests.LoginTest -->
