<?xml version="1.0" encoding="UTF-8"?>
<!-- Generated by org.testng.reporters.JUnitReportReporter -->
<testsuite hostname="DESKTOP-G551I5H" failures="0" tests="1" name="com.saucedemo.automation_test.tests.AddToCartTest" time="9.874" errors="0" timestamp="2025-10-28T04:05:22 IST" skipped="0">
  <testcase classname="com.saucedemo.automation_test.tests.AddToCartTest" name="testAddToCart" time="9.874"/>
</testsuite> <!-- com.saucedemo.automation_test.tests.AddToCartTest -->
